# JRE version: OpenJDK Runtime Environment (11.0.10) (build 11.0.10+0-b96-7249189)
# Java VM: OpenJDK 64-Bit Server VM (11.0.10+0-b96-7249189, mixed mode, tiered, compressed oops, g1 gc, windows-amd64)
Heap:
 garbage-first heap   total 187392K, used 104779K [0x0000000080000000, 0x0000000100000000)
  region size 1024K, 4 young (4096K), 1 survivors (1024K)
 Metaspace       used 118438K, capacity 121349K, committed 121504K, reserved 1155072K
  class space    used 14884K, capacity 15925K, committed 16032K, reserved 1048576K
GC Heap History (20 events):
Event: 120.978 GC heap before
{Heap before GC invocations=24 (full 0):
 garbage-first heap   total 187392K, used 137919K [0x0000000080000000, 0x0000000100000000)
  region size 1024K, 66 young (67584K), 8 survivors (8192K)
 Metaspace       used 98628K, capacity 100774K, committed 100812K, reserved 1136640K
  class space    used 12459K, capacity 13243K, committed 13260K, reserved 1048576K
}
Event: 121.015 GC heap after
{Heap after GC invocations=25 (full 0):
 garbage-first heap   total 187392K, used 85504K [0x0000000080000000, 0x0000000100000000)
  region size 1024K, 9 young (9216K), 9 survivors (9216K)
 Metaspace       used 98628K, capacity 100774K, committed 100812K, reserved 1136640K
  class space    used 12459K, capacity 13243K, committed 13260K, reserved 1048576K
}
Event: 132.799 GC heap before
{Heap before GC invocations=26 (full 0):
 garbage-first heap   total 187392K, used 151040K [0x0000000080000000, 0x0000000100000000)
  region size 1024K, 71 young (72704K), 9 survivors (9216K)
 Metaspace       used 104471K, capacity 106789K, committed 106912K, reserved 1142784K
  class space    used 13036K, capacity 13894K, committed 13984K, reserved 1048576K
}
Event: 132.881 GC heap after
{Heap after GC invocations=27 (full 0):
 garbage-first heap   total 187392K, used 96774K [0x0000000080000000, 0x0000000100000000)
  region size 1024K, 9 young (9216K), 9 survivors (9216K)
 Metaspace       used 104471K, capacity 106789K, committed 106912K, reserved 1142784K
  class space    used 13036K, capacity 13894K, committed 13984K, reserved 1048576K
}
Event: 134.425 GC heap before
{Heap before GC invocations=28 (full 0):
 garbage-first heap   total 187392K, used 104966K [0x0000000080000000, 0x0000000100000000)
  region size 1024K, 19 young (19456K), 9 survivors (9216K)
 Metaspace       used 104755K, capacity 107168K, committed 107424K, reserved 1142784K
  class space    used 13057K, capacity 13931K, committed 13984K, reserved 1048576K
}
Event: 134.453 GC heap after
{Heap after GC invocations=29 (full 0):
 garbage-first heap   total 187392K, used 94720K [0x0000000080000000, 0x0000000100000000)
  region size 1024K, 1 young (1024K), 1 survivors (1024K)
 Metaspace       used 104755K, capacity 107168K, committed 107424K, reserved 1142784K
  class space    used 13057K, capacity 13931K, committed 13984K, reserved 1048576K
}
Event: 137.374 GC heap before
{Heap before GC invocations=30 (full 0):
 garbage-first heap   total 187392K, used 134656K [0x0000000080000000, 0x0000000100000000)
  region size 1024K, 37 young (37888K), 1 survivors (1024K)
 Metaspace       used 109239K, capacity 111708K, committed 111904K, reserved 1146880K
  class space    used 13676K, capacity 14564K, committed 14624K, reserved 1048576K
}
Event: 137.401 GC heap after
{Heap after GC invocations=31 (full 0):
 garbage-first heap   total 187392K, used 100864K [0x0000000080000000, 0x0000000100000000)
  region size 1024K, 5 young (5120K), 5 survivors (5120K)
 Metaspace       used 109239K, capacity 111708K, committed 111904K, reserved 1146880K
  class space    used 13676K, capacity 14564K, committed 14624K, reserved 1048576K
}
Event: 140.403 GC heap before
{Heap before GC invocations=31 (full 0):
 garbage-first heap   total 187392K, used 135680K [0x0000000080000000, 0x0000000100000000)
  region size 1024K, 40 young (40960K), 5 survivors (5120K)
 Metaspace       used 113810K, capacity 116425K, committed 116512K, reserved 1150976K
  class space    used 14354K, capacity 15325K, committed 15392K, reserved 1048576K
}
Event: 140.445 GC heap after
{Heap after GC invocations=32 (full 0):
 garbage-first heap   total 187392K, used 104130K [0x0000000080000000, 0x0000000100000000)
  region size 1024K, 3 young (3072K), 3 survivors (3072K)
 Metaspace       used 113810K, capacity 116425K, committed 116512K, reserved 1150976K
  class space    used 14354K, capacity 15325K, committed 15392K, reserved 1048576K
}
Event: 142.718 GC heap before
{Heap before GC invocations=33 (full 0):
 garbage-first heap   total 187392K, used 139970K [0x0000000080000000, 0x0000000100000000)
  region size 1024K, 38 young (38912K), 3 survivors (3072K)
 Metaspace       used 116031K, capacity 118770K, committed 119072K, reserved 1153024K
  class space    used 14554K, capacity 15585K, committed 15648K, reserved 1048576K
}
Event: 142.739 GC heap after
{Heap after GC invocations=34 (full 0):
 garbage-first heap   total 187392K, used 105214K [0x0000000080000000, 0x0000000100000000)
  region size 1024K, 1 young (1024K), 1 survivors (1024K)
 Metaspace       used 116031K, capacity 118770K, committed 119072K, reserved 1153024K
  class space    used 14554K, capacity 15585K, committed 15648K, reserved 1048576K
}
Event: 143.770 GC heap before
{Heap before GC invocations=34 (full 0):
 garbage-first heap   total 187392K, used 113406K [0x0000000080000000, 0x0000000100000000)
  region size 1024K, 9 young (9216K), 1 survivors (1024K)
 Metaspace       used 116224K, capacity 118996K, committed 119072K, reserved 1153024K
  class space    used 14559K, capacity 15587K, committed 15648K, reserved 1048576K
}
Event: 143.780 GC heap after
{Heap after GC invocations=35 (full 0):
 garbage-first heap   total 187392K, used 104098K [0x0000000080000000, 0x0000000100000000)
  region size 1024K, 2 young (2048K), 2 survivors (2048K)
 Metaspace       used 116224K, capacity 118996K, committed 119072K, reserved 1153024K
  class space    used 14559K, capacity 15587K, committed 15648K, reserved 1048576K
}
Event: 143.790 GC heap before
{Heap before GC invocations=35 (full 0):
 garbage-first heap   total 187392K, used 104098K [0x0000000080000000, 0x0000000100000000)
  region size 1024K, 3 young (3072K), 2 survivors (2048K)
 Metaspace       used 116224K, capacity 118996K, committed 119072K, reserved 1153024K
  class space    used 14559K, capacity 15587K, committed 15648K, reserved 1048576K
}
Event: 143.797 GC heap after
{Heap after GC invocations=36 (full 0):
 garbage-first heap   total 187392K, used 104085K [0x0000000080000000, 0x0000000100000000)
  region size 1024K, 2 young (2048K), 2 survivors (2048K)
 Metaspace       used 116224K, capacity 118996K, committed 119072K, reserved 1153024K
  class space    used 14559K, capacity 15587K, committed 15648K, reserved 1048576K
}
Event: 147.343 GC heap before
{Heap before GC invocations=37 (full 0):
 garbage-first heap   total 187392K, used 145045K [0x0000000080000000, 0x0000000100000000)
  region size 1024K, 37 young (37888K), 2 survivors (2048K)
 Metaspace       used 117955K, capacity 120736K, committed 120864K, reserved 1155072K
  class space    used 14838K, capacity 15866K, committed 15904K, reserved 1048576K
}
Event: 147.361 GC heap after
{Heap after GC invocations=38 (full 0):
 garbage-first heap   total 187392K, used 104557K [0x0000000080000000, 0x0000000100000000)
  region size 1024K, 3 young (3072K), 3 survivors (3072K)
 Metaspace       used 117955K, capacity 120736K, committed 120864K, reserved 1155072K
  class space    used 14838K, capacity 15866K, committed 15904K, reserved 1048576K
}
Event: 148.470 GC heap before
{Heap before GC invocations=38 (full 0):
 garbage-first heap   total 187392K, used 109677K [0x0000000080000000, 0x0000000100000000)
  region size 1024K, 9 young (9216K), 3 survivors (3072K)
 Metaspace       used 118264K, capacity 121078K, committed 121248K, reserved 1155072K
  class space    used 14864K, capacity 15920K, committed 16032K, reserved 1048576K
}
Event: 148.485 GC heap after
{Heap after GC invocations=39 (full 0):
 garbage-first heap   total 187392K, used 102731K [0x0000000080000000, 0x0000000100000000)
  region size 1024K, 1 young (1024K), 1 survivors (1024K)
 Metaspace       used 118264K, capacity 121078K, committed 121248K, reserved 1155072K
  class space    used 14864K, capacity 15920K, committed 16032K, reserved 1048576K
}

