# JRE version: OpenJDK Runtime Environment (11.0.10) (build 11.0.10+0-b96-7249189)
# Java VM: OpenJDK 64-Bit Server VM (11.0.10+0-b96-7249189, mixed mode, tiered, compressed oops, g1 gc, windows-amd64)
Heap:
 garbage-first heap   total 359424K, used 166740K [0x0000000080000000, 0x0000000100000000)
  region size 1024K, 13 young (13312K), 11 survivors (11264K)
 Metaspace       used 147364K, capacity 151589K, committed 151884K, reserved 1181696K
  class space    used 17934K, capacity 19471K, committed 19584K, reserved 1048576K
GC Heap History (20 events):
Event: 3121.547 GC heap before
{Heap before GC invocations=263 (full 0):
 garbage-first heap   total 359424K, used 247676K [0x0000000080000000, 0x0000000100000000)
  region size 1024K, 64 young (65536K), 8 survivors (8192K)
 Metaspace       used 137702K, capacity 141617K, committed 141900K, reserved 1173504K
  class space    used 17040K, capacity 18463K, committed 18560K, reserved 1048576K
}
Event: 3121.603 GC heap after
{Heap after GC invocations=264 (full 0):
 garbage-first heap   total 359424K, used 194253K [0x0000000080000000, 0x0000000100000000)
  region size 1024K, 8 young (8192K), 8 survivors (8192K)
 Metaspace       used 137702K, capacity 141617K, committed 141900K, reserved 1173504K
  class space    used 17040K, capacity 18463K, committed 18560K, reserved 1048576K
}
Event: 3122.284 GC heap before
{Heap before GC invocations=264 (full 0):
 garbage-first heap   total 359424K, used 203469K [0x0000000080000000, 0x0000000100000000)
  region size 1024K, 17 young (17408K), 8 survivors (8192K)
 Metaspace       used 137707K, capacity 141617K, committed 141900K, reserved 1173504K
  class space    used 17040K, capacity 18463K, committed 18560K, reserved 1048576K
}
Event: 3122.330 GC heap after
{Heap after GC invocations=265 (full 0):
 garbage-first heap   total 359424K, used 159744K [0x0000000080000000, 0x0000000100000000)
  region size 1024K, 2 young (2048K), 2 survivors (2048K)
 Metaspace       used 137707K, capacity 141617K, committed 141900K, reserved 1173504K
  class space    used 17040K, capacity 18463K, committed 18560K, reserved 1048576K
}
Event: 3124.750 GC heap before
{Heap before GC invocations=265 (full 0):
 garbage-first heap   total 359424K, used 175104K [0x0000000080000000, 0x0000000100000000)
  region size 1024K, 17 young (17408K), 2 survivors (2048K)
 Metaspace       used 138938K, capacity 142941K, committed 143052K, reserved 1173504K
  class space    used 17218K, capacity 18652K, committed 18688K, reserved 1048576K
}
Event: 3124.778 GC heap after
{Heap after GC invocations=266 (full 0):
 garbage-first heap   total 359424K, used 150016K [0x0000000080000000, 0x0000000100000000)
  region size 1024K, 3 young (3072K), 3 survivors (3072K)
 Metaspace       used 138938K, capacity 142941K, committed 143052K, reserved 1173504K
  class space    used 17218K, capacity 18652K, committed 18688K, reserved 1048576K
}
Event: 3128.287 GC heap before
{Heap before GC invocations=266 (full 0):
 garbage-first heap   total 359424K, used 228864K [0x0000000080000000, 0x0000000100000000)
  region size 1024K, 81 young (82944K), 3 survivors (3072K)
 Metaspace       used 140090K, capacity 144150K, committed 144332K, reserved 1175552K
  class space    used 17331K, capacity 18818K, committed 18944K, reserved 1048576K
}
Event: 3128.317 GC heap after
{Heap after GC invocations=267 (full 0):
 garbage-first heap   total 359424K, used 155136K [0x0000000080000000, 0x0000000100000000)
  region size 1024K, 8 young (8192K), 8 survivors (8192K)
 Metaspace       used 140090K, capacity 144150K, committed 144332K, reserved 1175552K
  class space    used 17331K, capacity 18818K, committed 18944K, reserved 1048576K
}
Event: 3133.589 GC heap before
{Heap before GC invocations=268 (full 0):
 garbage-first heap   total 359424K, used 257536K [0x0000000080000000, 0x0000000100000000)
  region size 1024K, 93 young (95232K), 8 survivors (8192K)
 Metaspace       used 143940K, capacity 147984K, committed 148172K, reserved 1177600K
  class space    used 17623K, capacity 19119K, committed 19200K, reserved 1048576K
}
Event: 3133.628 GC heap after
{Heap after GC invocations=269 (full 0):
 garbage-first heap   total 359424K, used 154469K [0x0000000080000000, 0x0000000100000000)
  region size 1024K, 5 young (5120K), 5 survivors (5120K)
 Metaspace       used 143940K, capacity 147984K, committed 148172K, reserved 1177600K
  class space    used 17623K, capacity 19119K, committed 19200K, reserved 1048576K
}
Event: 3133.946 GC heap before
{Heap before GC invocations=269 (full 0):
 garbage-first heap   total 359424K, used 166757K [0x0000000080000000, 0x0000000100000000)
  region size 1024K, 17 young (17408K), 5 survivors (5120K)
 Metaspace       used 143959K, capacity 147984K, committed 148172K, reserved 1177600K
  class space    used 17623K, capacity 19119K, committed 19200K, reserved 1048576K
}
Event: 3133.962 GC heap after
{Heap after GC invocations=270 (full 0):
 garbage-first heap   total 359424K, used 152370K [0x0000000080000000, 0x0000000100000000)
  region size 1024K, 1 young (1024K), 1 survivors (1024K)
 Metaspace       used 143959K, capacity 147984K, committed 148172K, reserved 1177600K
  class space    used 17623K, capacity 19119K, committed 19200K, reserved 1048576K
}
Event: 3307.195 GC heap before
{Heap before GC invocations=270 (full 0):
 garbage-first heap   total 359424K, used 269106K [0x0000000080000000, 0x0000000100000000)
  region size 1024K, 116 young (118784K), 1 survivors (1024K)
 Metaspace       used 146595K, capacity 150788K, committed 150988K, reserved 1181696K
  class space    used 17879K, capacity 19411K, committed 19456K, reserved 1048576K
}
Event: 3307.221 GC heap after
{Heap after GC invocations=271 (full 0):
 garbage-first heap   total 359424K, used 155539K [0x0000000080000000, 0x0000000100000000)
  region size 1024K, 4 young (4096K), 4 survivors (4096K)
 Metaspace       used 146595K, capacity 150788K, committed 150988K, reserved 1181696K
  class space    used 17879K, capacity 19411K, committed 19456K, reserved 1048576K
}
Event: 3362.075 GC heap before
{Heap before GC invocations=272 (full 0):
 garbage-first heap   total 359424K, used 285587K [0x0000000080000000, 0x0000000100000000)
  region size 1024K, 126 young (129024K), 4 survivors (4096K)
 Metaspace       used 147307K, capacity 151525K, committed 151884K, reserved 1181696K
  class space    used 17934K, capacity 19471K, committed 19584K, reserved 1048576K
}
Event: 3362.124 GC heap after
{Heap after GC invocations=273 (full 0):
 garbage-first heap   total 359424K, used 151403K [0x0000000080000000, 0x0000000100000000)
  region size 1024K, 13 young (13312K), 13 survivors (13312K)
 Metaspace       used 147307K, capacity 151525K, committed 151884K, reserved 1181696K
  class space    used 17934K, capacity 19471K, committed 19584K, reserved 1048576K
}
Event: 3362.215 GC heap before
{Heap before GC invocations=273 (full 0):
 garbage-first heap   total 359424K, used 155499K [0x0000000080000000, 0x0000000100000000)
  region size 1024K, 17 young (17408K), 13 survivors (13312K)
 Metaspace       used 147307K, capacity 151525K, committed 151884K, reserved 1181696K
  class space    used 17934K, capacity 19471K, committed 19584K, reserved 1048576K
}
Event: 3362.273 GC heap after
{Heap after GC invocations=274 (full 0):
 garbage-first heap   total 359424K, used 143298K [0x0000000080000000, 0x0000000100000000)
  region size 1024K, 3 young (3072K), 3 survivors (3072K)
 Metaspace       used 147307K, capacity 151525K, committed 151884K, reserved 1181696K
  class space    used 17934K, capacity 19471K, committed 19584K, reserved 1048576K
}
Event: 3363.042 GC heap before
{Heap before GC invocations=274 (full 0):
 garbage-first heap   total 359424K, used 161730K [0x0000000080000000, 0x0000000100000000)
  region size 1024K, 23 young (23552K), 3 survivors (3072K)
 Metaspace       used 147364K, capacity 151589K, committed 151884K, reserved 1181696K
  class space    used 17934K, capacity 19471K, committed 19584K, reserved 1048576K
}
Event: 3363.083 GC heap after
{Heap after GC invocations=275 (full 0):
 garbage-first heap   total 359424K, used 151380K [0x0000000080000000, 0x0000000100000000)
  region size 1024K, 11 young (11264K), 11 survivors (11264K)
 Metaspace       used 147364K, capacity 151589K, committed 151884K, reserved 1181696K
  class space    used 17934K, capacity 19471K, committed 19584K, reserved 1048576K
}

